<?xml version="1.0" encoding="UTF-8"?>
<!-- Generated by org.testng.reporters.JUnitReportReporter -->
<testsuite hostname="DESKTOP-MG7K6R3" failures="0" tests="3" name="testngproject.LoginTest" time="30.507" errors="0" timestamp="2026-02-17T16:34:24 IST" skipped="0">
  <testcase classname="testngproject.LoginTest" name="loginTest" time="13.638"/>
  <testcase classname="testngproject.LoginTest" name="loginTest" time="5.103"/>
  <testcase classname="testngproject.LoginTest" name="loginTest" time="11.766"/>
</testsuite> <!-- testngproject.LoginTest -->
