<?xml version="1.0" encoding="UTF-8"?>
<testng-results ignored="0" total="1" passed="1" failed="0" skipped="0">
  <reporter-output>
  </reporter-output>
  <suite started-at="2026-02-26T18:18:33 IST" name="Default suite" finished-at="2026-02-26T18:18:43 IST" duration-ms="9914">
    <groups>
    </groups>
    <test started-at="2026-02-26T18:18:33 IST" name="Default test" finished-at="2026-02-26T18:18:43 IST" duration-ms="9914">
      <class name="tests.GoogleTest">
        <test-method signature="openGoogle()[pri:0, instance:tests.GoogleTest@72967906]" started-at="2026-02-26T18:18:33 IST" name="openGoogle" finished-at="2026-02-26T18:18:43 IST" duration-ms="9817" status="PASS">
          <reporter-output>
          </reporter-output>
        </test-method> <!-- openGoogle -->
      </class> <!-- tests.GoogleTest -->
    </test> <!-- Default test -->
  </suite> <!-- Default suite -->
</testng-results>
